[Sat Apr 26 15:03:47 2025] FATAL: socket/listen failed
[Sat Apr 26 15:10:31 2025] FATAL: socket/listen failed
[Sat Apr 26 15:11:13 2025] 404: contents/index.html
[Sat Apr 26 15:11:28 2025] 404: contents/index.html
[Sat Apr 26 15:12:26 2025] 404: contents/index.html
[Sat Apr 26 15:17:22 2025] FATAL: socket/listen failed
[Tue Apr 29 15:54:33 2025] 404: contents/favicon.ico
[Tue Apr 29 16:13:09 2025] 404: contents/shop.html
[Tue Apr 29 16:13:15 2025] 404: contents/contact.html
[Tue Apr 29 16:13:19 2025] 404: contents/links.html
[Tue Apr 29 16:21:54 2025] 404: contents/links.html
[Tue Apr 29 16:30:18 2025] 404: contents/links.htm
[Tue Apr 29 16:30:20 2025] 404: contents/links.htm
[Tue Apr 29 16:30:20 2025] 404: contents/links.htm
[Tue Apr 29 16:30:20 2025] 404: contents/links.htm
[Tue Apr 29 16:30:21 2025] 404: contents/links.htm
[Tue Apr 29 16:30:21 2025] 404: contents/links.htm
[Tue Apr 29 16:30:21 2025] 404: contents/links.htm
[Tue Apr 29 16:30:21 2025] 404: contents/links.htm
[Tue Apr 29 16:30:23 2025] 404: contents/links.htm
[Tue Apr 29 16:30:23 2025] 404: contents/links.htm
[Tue Apr 29 16:30:23 2025] 404: contents/links.htm
[Tue Apr 29 16:30:23 2025] 404: contents/links.htm
[Tue Apr 29 16:30:23 2025] 404: contents/links.htm
[Tue Apr 29 16:30:24 2025] 404: contents/links.htm
[Thu May 15 19:52:00 2025] 404: contents/favicon.ico
