[Sat Apr 26 14:45:48 2025] GET static: /links.htm
[Sat Apr 26 14:45:59 2025] GET static: /links.htm
[Sat Apr 26 14:45:59 2025] GET static: /images/05_01.gif
[Sat Apr 26 14:45:59 2025] GET static: /ilinks.htm
[Sat Apr 26 14:45:59 2025] GET static: /images/05_03.gif
[Sat Apr 26 14:45:59 2025] GET static: /images/05_02.gif
[Sat Apr 26 14:45:59 2025] GET static: /images/05_05.gif
[Sat Apr 26 14:45:59 2025] GET static: /images/05_09.gif
[Sat Apr 26 14:45:59 2025] GET static: /images/05_04.gif
[Sat Apr 26 14:45:59 2025] GET static: /images/05_06.gif
[Sat Apr 26 14:45:59 2025] GET static: /images/05_08.gif
[Sat Apr 26 14:45:59 2025] GET static: /images/05_07.gif
[Sat Apr 26 14:45:59 2025] GET static: /images/05_10.gif
[Sat Apr 26 14:45:59 2025] GET static: /bullet1.jpg
[Sat Apr 26 14:45:59 2025] GET static: /bullet3.jpg
[Sat Apr 26 14:45:59 2025] GET static: /bullet2.jpg
[Sat Apr 26 14:45:59 2025] GET static: /images/bac_04.jpg
[Sat Apr 26 14:45:59 2025] GET static: /images/05_04-over.gif
[Sat Apr 26 14:45:59 2025] GET static: /images/05_08-over.gif
[Sat Apr 26 14:45:59 2025] GET static: /images/05_06-over.gif
[Sat Apr 26 14:45:59 2025] GET static: /images/05_07-over.gif
[Sat Apr 26 14:46:01 2025] GET static: /home.htm
[Sat Apr 26 14:46:01 2025] GET static: /main.htm
[Sat Apr 26 14:46:01 2025] GET static: /images/05_01.gif
[Sat Apr 26 14:46:01 2025] GET static: /images/05_03.gif
[Sat Apr 26 14:46:01 2025] GET static: /images/05_02.gif
[Sat Apr 26 14:46:01 2025] GET static: /images/05_04.gif
[Sat Apr 26 14:46:01 2025] GET static: /images/05_09.gif
[Sat Apr 26 14:46:01 2025] GET static: /images/05_05.gif
[Sat Apr 26 14:46:01 2025] GET static: /bullet2.jpg
[Sat Apr 26 14:46:01 2025] GET static: /bullet3.jpg
[Sat Apr 26 14:46:01 2025] GET static: /images/05_10.gif
[Sat Apr 26 14:46:01 2025] GET static: /images/05_08.gif
[Sat Apr 26 14:46:01 2025] GET static: /images/05_07.gif
[Sat Apr 26 14:46:01 2025] GET static: /bullet1.jpg
[Sat Apr 26 14:46:01 2025] GET static: /images/bac_04.jpg
[Sat Apr 26 14:46:01 2025] GET static: /images/05_06.gif
[Sat Apr 26 14:46:01 2025] GET static: /images/05_06-over.gif
[Sat Apr 26 14:46:01 2025] GET static: /images/05_04-over.gif
[Sat Apr 26 14:46:01 2025] GET static: /images/05_08-over.gif
[Sat Apr 26 14:46:01 2025] GET static: /images/05_07-over.gif
[Sat Apr 26 15:05:09 2025] GET static: contents/links.htm
[Sat Apr 26 15:05:19 2025] GET static: contents/links.htm
[Sat Apr 26 15:05:19 2025] GET static: contents/images/05_01.gif
[Sat Apr 26 15:05:19 2025] GET static: contents/images/05_03.gif
[Sat Apr 26 15:05:19 2025] GET static: contents/images/05_09.gif
[Sat Apr 26 15:05:19 2025] GET static: contents/images/05_05.gif
[Sat Apr 26 15:05:19 2025] GET static: contents/ilinks.htm
[Sat Apr 26 15:05:19 2025] GET static: contents/images/05_04.gif
[Sat Apr 26 15:05:19 2025] GET static: contents/images/05_02.gif
[Sat Apr 26 15:05:19 2025] GET static: contents/images/05_06.gif
[Sat Apr 26 15:05:19 2025] GET static: contents/images/05_07.gif
[Sat Apr 26 15:05:19 2025] GET static: contents/images/05_10.gif
[Sat Apr 26 15:05:19 2025] GET static: contents/images/05_08.gif
[Sat Apr 26 15:05:19 2025] GET static: contents/bullet3.jpg
[Sat Apr 26 15:05:19 2025] GET static: contents/bullet1.jpg
[Sat Apr 26 15:05:19 2025] GET static: contents/bullet2.jpg
[Sat Apr 26 15:05:19 2025] GET static: contents/images/bac_04.jpg
[Sat Apr 26 15:05:19 2025] GET static: contents/images/05_04-over.gif
[Sat Apr 26 15:05:19 2025] GET static: contents/images/05_06-over.gif
[Sat Apr 26 15:05:19 2025] GET static: contents/images/05_07-over.gif
[Sat Apr 26 15:05:19 2025] GET static: contents/images/05_08-over.gif
[Sat Apr 26 15:11:14 2025] GET CGI: /cgi-bin/GET.cgi
[Sat Apr 26 15:11:40 2025] GET CGI: /cgi-bin/GET.cgi
[Sat Apr 26 15:12:36 2025] GET CGI: /cgi-bin/GET.cgi
[Sat Apr 26 15:17:56 2025] GET CGI: /cgi-bin/GET.cgi
[Sat Apr 26 15:18:48 2025] GET CGI: /cgi-bin/GET.cgi
[Sat Apr 26 15:21:01 2025] GET CGI: /cgi-bin/GET.cgi
[Sat Apr 26 15:30:47 2025] GET static: contents/index.html
[Sat Apr 26 15:30:55 2025] GET static: contents/index.html
[Sat Apr 26 15:30:55 2025] GET static: contents/images/05_01.gif
[Sat Apr 26 15:30:55 2025] GET static: contents/ilinks.htm
[Sat Apr 26 15:30:55 2025] GET static: contents/images/05_03.gif
[Sat Apr 26 15:30:55 2025] GET static: contents/images/05_02.gif
[Sat Apr 26 15:30:55 2025] GET static: contents/images/05_09.gif
[Sat Apr 26 15:30:55 2025] GET static: contents/images/05_05.gif
[Sat Apr 26 15:30:55 2025] GET static: contents/images/05_04.gif
[Sat Apr 26 15:30:55 2025] GET static: contents/images/05_06.gif
[Sat Apr 26 15:30:55 2025] GET static: contents/images/05_07.gif
[Sat Apr 26 15:30:55 2025] GET static: contents/images/05_08.gif
[Sat Apr 26 15:30:55 2025] GET static: contents/images/05_10.gif
[Sat Apr 26 15:30:55 2025] GET static: contents/bullet1.jpg
[Sat Apr 26 15:30:55 2025] GET static: contents/bullet3.jpg
[Sat Apr 26 15:30:55 2025] GET static: contents/bullet2.jpg
[Sat Apr 26 15:30:55 2025] GET static: contents/images/bac_04.jpg
[Sat Apr 26 15:30:55 2025] GET static: contents/images/05_06-over.gif
[Sat Apr 26 15:30:55 2025] GET static: contents/images/05_04-over.gif
[Sat Apr 26 15:30:55 2025] GET static: contents/images/05_08-over.gif
[Sat Apr 26 15:30:55 2025] GET static: contents/images/05_07-over.gif
[Tue Apr 29 15:53:53 2025] GET static: contents/index.html
[Tue Apr 29 15:54:04 2025] GET CGI: /cgi-bin/GET.cgi
[Tue Apr 29 15:54:32 2025] GET static: contents/index.html
[Tue Apr 29 15:54:32 2025] GET static: contents/images/05_01.gif
[Tue Apr 29 15:54:32 2025] GET static: contents/ilinks.htm
[Tue Apr 29 15:54:32 2025] GET static: contents/images/05_07.gif
[Tue Apr 29 15:54:32 2025] GET static: contents/images/05_03.gif
[Tue Apr 29 15:54:32 2025] GET static: contents/images/05_08.gif
[Tue Apr 29 15:54:32 2025] GET static: contents/images/05_10.gif
[Tue Apr 29 15:54:32 2025] GET static: contents/images/05_02.gif
[Tue Apr 29 15:54:33 2025] GET static: contents/images/05_05.gif
[Tue Apr 29 15:54:33 2025] GET static: contents/images/05_09.gif
[Tue Apr 29 15:54:33 2025] GET static: contents/images/05_04.gif
[Tue Apr 29 15:54:33 2025] GET static: contents/images/05_06.gif
[Tue Apr 29 15:54:33 2025] GET static: contents/bullet1.jpg
[Tue Apr 29 15:54:33 2025] GET static: contents/bullet3.jpg
[Tue Apr 29 15:54:33 2025] GET static: contents/bullet2.jpg
[Tue Apr 29 15:54:33 2025] GET static: contents/images/bac_04.jpg
[Tue Apr 29 15:54:33 2025] GET static: contents/images/05_04-over.gif
[Tue Apr 29 15:54:33 2025] GET static: contents/images/05_07-over.gif
[Tue Apr 29 15:54:33 2025] GET static: contents/images/05_06-over.gif
[Tue Apr 29 15:54:33 2025] GET static: contents/images/05_08-over.gif
[Tue Apr 29 15:58:06 2025] GET static: contents/images/05_06.gif
[Tue Apr 29 15:58:07 2025] GET static: contents/images/05_04-over.gif
[Tue Apr 29 15:58:07 2025] GET static: contents/home.htm
[Tue Apr 29 15:58:07 2025] GET static: contents/images/05_04.gif
[Tue Apr 29 15:58:07 2025] GET static: contents/main.htm
[Tue Apr 29 15:58:07 2025] GET static: contents/images/05_10.gif
[Tue Apr 29 15:58:07 2025] GET static: contents/images/05_08.gif
[Tue Apr 29 15:58:07 2025] GET static: contents/images/05_06.gif
[Tue Apr 29 15:58:07 2025] GET static: contents/images/05_07.gif
[Tue Apr 29 15:58:07 2025] GET static: contents/images/05_01.gif
[Tue Apr 29 15:58:08 2025] GET static: contents/images/05_02.gif
[Tue Apr 29 15:58:08 2025] GET static: contents/images/05_09.gif
[Tue Apr 29 15:58:08 2025] GET static: contents/images/05_04.gif
[Tue Apr 29 15:58:08 2025] GET static: contents/images/05_05.gif
[Tue Apr 29 15:58:08 2025] GET static: contents/images/05_03.gif
[Tue Apr 29 15:58:08 2025] GET static: contents/bullet2.jpg
[Tue Apr 29 15:58:08 2025] GET static: contents/bullet3.jpg
[Tue Apr 29 15:58:08 2025] GET static: contents/bullet1.jpg
[Tue Apr 29 15:58:08 2025] GET static: contents/images/bac_04.jpg
[Tue Apr 29 15:58:08 2025] GET static: contents/images/05_07-over.gif
[Tue Apr 29 15:58:08 2025] GET static: contents/images/05_04-over.gif
[Tue Apr 29 15:58:08 2025] GET static: contents/images/05_06-over.gif
[Tue Apr 29 15:58:08 2025] GET static: contents/images/05_08-over.gif
[Tue Apr 29 15:58:09 2025] GET static: contents/images/05_04.gif
[Tue Apr 29 15:58:09 2025] GET static: contents/shop.htm
[Tue Apr 29 15:58:09 2025] GET static: contents/ishop.htm
[Tue Apr 29 15:58:09 2025] GET static: contents/images/05_07.gif
[Tue Apr 29 15:58:09 2025] GET static: contents/images/05_08.gif
[Tue Apr 29 15:58:09 2025] GET static: contents/images/05_01.gif
[Tue Apr 29 15:58:09 2025] GET static: contents/images/05_03.gif
[Tue Apr 29 15:58:09 2025] GET static: contents/images/05_02.gif
[Tue Apr 29 15:58:09 2025] GET static: contents/images/05_05.gif
[Tue Apr 29 15:58:10 2025] GET static: contents/banner2.jpg
[Tue Apr 29 15:58:10 2025] GET static: contents/bullet2.jpg
[Tue Apr 29 15:58:10 2025] GET static: contents/images/05_04.gif
[Tue Apr 29 15:58:10 2025] GET static: contents/images/05_09.gif
[Tue Apr 29 15:58:10 2025] GET static: contents/images/05_06.gif
[Tue Apr 29 15:58:10 2025] GET static: contents/images/05_06.gif
[Tue Apr 29 15:58:10 2025] GET static: contents/bullet1.jpg
[Tue Apr 29 15:58:10 2025] GET static: contents/images/bac_04.jpg
[Tue Apr 29 15:58:10 2025] GET static: contents/images/05_04-over.gif
[Tue Apr 29 15:58:10 2025] GET static: contents/images/05_06-over.gif
[Tue Apr 29 15:58:10 2025] GET static: contents/images/05_07-over.gif
[Tue Apr 29 15:58:10 2025] GET static: contents/images/05_08-over.gif
[Tue Apr 29 15:58:10 2025] GET static: contents/images/05_06.gif
[Tue Apr 29 15:58:11 2025] GET static: contents/contact.htm
[Tue Apr 29 15:58:11 2025] GET static: contents/icontact.htm
[Tue Apr 29 15:58:11 2025] GET static: contents/images/05_10.gif
[Tue Apr 29 15:58:11 2025] GET static: contents/images/05_06.gif
[Tue Apr 29 15:58:11 2025] GET static: contents/images/05_08.gif
[Tue Apr 29 15:58:11 2025] GET static: contents/images/05_01.gif
[Tue Apr 29 15:58:11 2025] GET static: contents/images/05_02.gif
[Tue Apr 29 15:58:11 2025] GET static: contents/images/05_03.gif
[Tue Apr 29 15:58:12 2025] GET static: contents/images/05_09.gif
[Tue Apr 29 15:58:12 2025] GET static: contents/images/05_05.gif
[Tue Apr 29 15:58:12 2025] GET static: contents/images/05_07.gif
[Tue Apr 29 15:58:12 2025] GET static: contents/images/bac_04.jpg
[Tue Apr 29 15:58:12 2025] GET static: contents/images/05_04.gif
[Tue Apr 29 15:58:12 2025] GET static: contents/images/05_07.gif
[Tue Apr 29 15:58:12 2025] GET static: contents/images/05_08-over.gif
[Tue Apr 29 15:58:12 2025] GET static: contents/images/05_06-over.gif
[Tue Apr 29 15:58:12 2025] GET static: contents/images/05_04-over.gif
[Tue Apr 29 15:58:12 2025] GET static: contents/images/05_07-over.gif
[Tue Apr 29 15:58:12 2025] GET static: contents/images/05_07.gif
[Tue Apr 29 15:58:13 2025] GET static: contents/links.htm
[Tue Apr 29 15:58:13 2025] GET static: contents/ilinks.htm
[Tue Apr 29 15:58:13 2025] GET static: contents/images/05_08.gif
[Tue Apr 29 15:58:13 2025] GET static: contents/images/05_07.gif
[Tue Apr 29 15:58:13 2025] GET static: contents/images/05_01.gif
[Tue Apr 29 15:58:13 2025] GET static: contents/images/05_06.gif
[Tue Apr 29 15:58:13 2025] GET static: contents/images/05_10.gif
[Tue Apr 29 15:58:13 2025] GET static: contents/images/05_02.gif
[Tue Apr 29 15:58:13 2025] GET static: contents/images/05_04.gif
[Tue Apr 29 15:58:13 2025] GET static: contents/images/05_05.gif
[Tue Apr 29 15:58:13 2025] GET static: contents/images/05_09.gif
[Tue Apr 29 15:58:13 2025] GET static: contents/images/05_03.gif
[Tue Apr 29 15:58:13 2025] GET static: contents/bullet1.jpg
[Tue Apr 29 15:58:13 2025] GET static: contents/bullet3.jpg
[Tue Apr 29 15:58:14 2025] GET static: contents/bullet2.jpg
[Tue Apr 29 15:58:14 2025] GET static: contents/images/bac_04.jpg
[Tue Apr 29 15:58:14 2025] GET static: contents/images/05_08-over.gif
[Tue Apr 29 15:58:14 2025] GET static: contents/images/05_04-over.gif
[Tue Apr 29 15:58:14 2025] GET static: contents/images/05_07-over.gif
[Tue Apr 29 15:58:14 2025] GET static: contents/images/05_06-over.gif
[Tue Apr 29 16:04:35 2025] GET static: contents/links.htm
[Tue Apr 29 16:04:35 2025] GET static: contents/images/05_01.gif
[Tue Apr 29 16:04:35 2025] GET static: contents/ilinks.htm
[Tue Apr 29 16:04:35 2025] GET static: contents/images/05_07.gif
[Tue Apr 29 16:04:35 2025] GET static: contents/images/bac_04.jpg
[Tue Apr 29 16:04:35 2025] GET static: contents/images/05_10.gif
[Tue Apr 29 16:04:35 2025] GET static: contents/images/05_08.gif
[Tue Apr 29 16:04:35 2025] GET static: contents/images/05_02.gif
[Tue Apr 29 16:04:36 2025] GET static: contents/images/05_03.gif
[Tue Apr 29 16:04:36 2025] GET static: contents/bullet1.jpg
[Tue Apr 29 16:04:36 2025] GET static: contents/images/05_04.gif
[Tue Apr 29 16:04:36 2025] GET static: contents/images/05_05.gif
[Tue Apr 29 16:04:36 2025] GET static: contents/images/05_06.gif
[Tue Apr 29 16:04:36 2025] GET static: contents/images/05_09.gif
[Tue Apr 29 16:04:36 2025] GET static: contents/bullet3.jpg
[Tue Apr 29 16:04:36 2025] GET static: contents/bullet2.jpg
[Tue Apr 29 16:04:36 2025] GET static: contents/images/05_04-over.gif
[Tue Apr 29 16:04:36 2025] GET static: contents/images/05_06-over.gif
[Tue Apr 29 16:04:36 2025] GET static: contents/images/05_07-over.gif
[Tue Apr 29 16:04:36 2025] GET static: contents/images/05_08-over.gif
[Tue Apr 29 16:04:42 2025] GET static: contents/home.htm
[Tue Apr 29 16:04:42 2025] GET static: contents/main.htm
[Tue Apr 29 16:04:42 2025] GET static: contents/images/05_10.gif
[Tue Apr 29 16:04:42 2025] GET static: contents/images/05_06.gif
[Tue Apr 29 16:04:42 2025] GET static: contents/images/05_07.gif
[Tue Apr 29 16:04:42 2025] GET static: contents/images/05_08.gif
[Tue Apr 29 16:04:42 2025] GET static: contents/images/05_01.gif
[Tue Apr 29 16:04:43 2025] GET static: contents/images/05_02.gif
[Tue Apr 29 16:04:43 2025] GET static: contents/images/05_05.gif
[Tue Apr 29 16:04:43 2025] GET static: contents/images/05_03.gif
[Tue Apr 29 16:04:43 2025] GET static: contents/images/05_04.gif
[Tue Apr 29 16:04:43 2025] GET static: contents/bullet2.jpg
[Tue Apr 29 16:04:43 2025] GET static: contents/images/05_09.gif
[Tue Apr 29 16:04:43 2025] GET static: contents/images/05_04.gif
[Tue Apr 29 16:04:43 2025] GET static: contents/bullet3.jpg
[Tue Apr 29 16:04:43 2025] GET static: contents/bullet1.jpg
[Tue Apr 29 16:04:43 2025] GET static: contents/images/bac_04.jpg
[Tue Apr 29 16:04:43 2025] GET static: contents/images/05_07-over.gif
[Tue Apr 29 16:04:43 2025] GET static: contents/images/05_06-over.gif
[Tue Apr 29 16:04:43 2025] GET static: contents/images/05_08-over.gif
[Tue Apr 29 16:04:43 2025] GET static: contents/images/05_04-over.gif
[Tue Apr 29 16:04:43 2025] GET static: contents/images/05_04.gif
[Tue Apr 29 16:04:53 2025] GET static: contents/images/05_04-over.gif
[Tue Apr 29 16:04:53 2025] GET static: contents/images/05_04.gif
[Tue Apr 29 16:04:54 2025] GET static: contents/home.htm
[Tue Apr 29 16:04:54 2025] GET static: contents/main.htm
[Tue Apr 29 16:04:54 2025] GET static: contents/images/05_10.gif
[Tue Apr 29 16:04:54 2025] GET static: contents/images/05_06.gif
[Tue Apr 29 16:04:54 2025] GET static: contents/images/05_08.gif
[Tue Apr 29 16:04:54 2025] GET static: contents/images/05_07.gif
[Tue Apr 29 16:04:54 2025] GET static: contents/images/05_01.gif
[Tue Apr 29 16:04:57 2025] GET static: contents/images/bac_04.jpg
[Tue Apr 29 16:04:57 2025] GET static: contents/images/05_02.gif
[Tue Apr 29 16:04:57 2025] GET static: contents/images/05_05.gif
[Tue Apr 29 16:04:57 2025] GET static: contents/images/05_03.gif
[Tue Apr 29 16:04:57 2025] GET static: contents/images/05_09.gif
[Tue Apr 29 16:04:57 2025] GET static: contents/images/05_04.gif
[Tue Apr 29 16:04:57 2025] GET static: contents/images/05_04.gif
[Tue Apr 29 16:04:57 2025] GET static: contents/bullet3.jpg
[Tue Apr 29 16:04:57 2025] GET static: contents/bullet2.jpg
[Tue Apr 29 16:04:57 2025] GET static: contents/bullet1.jpg
[Tue Apr 29 16:04:57 2025] GET static: contents/images/05_07-over.gif
[Tue Apr 29 16:04:57 2025] GET static: contents/images/05_08-over.gif
[Tue Apr 29 16:04:57 2025] GET static: contents/images/05_04-over.gif
[Tue Apr 29 16:04:57 2025] GET static: contents/images/05_06-over.gif
[Tue Apr 29 16:04:57 2025] GET static: contents/images/05_04.gif
[Tue Apr 29 16:04:58 2025] GET static: contents/shop.htm
[Tue Apr 29 16:04:58 2025] GET static: contents/ishop.htm
[Tue Apr 29 16:04:58 2025] GET static: contents/images/05_08.gif
[Tue Apr 29 16:04:58 2025] GET static: contents/images/05_01.gif
[Tue Apr 29 16:04:58 2025] GET static: contents/images/05_07.gif
[Tue Apr 29 16:04:58 2025] GET static: contents/images/05_02.gif
[Tue Apr 29 16:04:58 2025] GET static: contents/images/05_03.gif
[Tue Apr 29 16:04:58 2025] GET static: contents/images/05_05.gif
[Tue Apr 29 16:04:58 2025] GET static: contents/images/05_04.gif
[Tue Apr 29 16:04:58 2025] GET static: contents/images/05_09.gif
[Tue Apr 29 16:04:58 2025] GET static: contents/bullet2.jpg
[Tue Apr 29 16:04:58 2025] GET static: contents/images/05_06.gif
[Tue Apr 29 16:04:58 2025] GET static: contents/banner2.jpg
[Tue Apr 29 16:04:58 2025] GET static: contents/images/05_06.gif
[Tue Apr 29 16:04:58 2025] GET static: contents/bullet1.jpg
[Tue Apr 29 16:04:58 2025] GET static: contents/images/bac_04.jpg
[Tue Apr 29 16:04:59 2025] GET static: contents/images/05_07-over.gif
[Tue Apr 29 16:04:59 2025] GET static: contents/images/05_04-over.gif
[Tue Apr 29 16:04:59 2025] GET static: contents/images/05_08-over.gif
[Tue Apr 29 16:04:59 2025] GET static: contents/images/05_06-over.gif
[Tue Apr 29 16:05:00 2025] GET static: contents/contact.htm
[Tue Apr 29 16:05:00 2025] GET static: contents/icontact.htm
[Tue Apr 29 16:05:00 2025] GET static: contents/images/05_06.gif
[Tue Apr 29 16:05:00 2025] GET static: contents/images/bac_04.jpg
[Tue Apr 29 16:05:00 2025] GET static: contents/images/05_01.gif
[Tue Apr 29 16:05:00 2025] GET static: contents/images/05_08.gif
[Tue Apr 29 16:05:00 2025] GET static: contents/images/05_10.gif
[Tue Apr 29 16:05:01 2025] GET static: contents/images/05_02.gif
[Tue Apr 29 16:05:01 2025] GET static: contents/images/05_03.gif
[Tue Apr 29 16:05:01 2025] GET static: contents/images/05_05.gif
[Tue Apr 29 16:05:01 2025] GET static: contents/images/05_07.gif
[Tue Apr 29 16:05:01 2025] GET static: contents/images/05_09.gif
[Tue Apr 29 16:05:01 2025] GET static: contents/images/05_04.gif
[Tue Apr 29 16:05:01 2025] GET static: contents/images/05_07.gif
[Tue Apr 29 16:05:01 2025] GET static: contents/images/05_08-over.gif
[Tue Apr 29 16:05:01 2025] GET static: contents/images/05_04-over.gif
[Tue Apr 29 16:05:01 2025] GET static: contents/images/05_06-over.gif
[Tue Apr 29 16:05:01 2025] GET static: contents/images/05_07-over.gif
[Tue Apr 29 16:05:01 2025] GET static: contents/links.htm
[Tue Apr 29 16:05:01 2025] GET static: contents/images/05_07.gif
[Tue Apr 29 16:05:02 2025] GET static: contents/ilinks.htm
[Tue Apr 29 16:05:02 2025] GET static: contents/images/05_01.gif
[Tue Apr 29 16:05:02 2025] GET static: contents/images/05_10.gif
[Tue Apr 29 16:05:02 2025] GET static: contents/images/05_06.gif
[Tue Apr 29 16:05:02 2025] GET static: contents/images/05_07.gif
[Tue Apr 29 16:05:02 2025] GET static: contents/images/05_02.gif
[Tue Apr 29 16:05:02 2025] GET static: contents/images/05_03.gif
[Tue Apr 29 16:05:02 2025] GET static: contents/images/05_05.gif
[Tue Apr 29 16:05:02 2025] GET static: contents/images/05_04.gif
[Tue Apr 29 16:05:02 2025] GET static: contents/images/05_08.gif
[Tue Apr 29 16:05:02 2025] GET static: contents/images/05_09.gif
[Tue Apr 29 16:05:02 2025] GET static: contents/bullet1.jpg
[Tue Apr 29 16:05:02 2025] GET static: contents/images/05_08.gif
[Tue Apr 29 16:05:02 2025] GET static: contents/bullet3.jpg
[Tue Apr 29 16:05:02 2025] GET static: contents/bullet2.jpg
[Tue Apr 29 16:05:02 2025] GET static: contents/images/bac_04.jpg
[Tue Apr 29 16:05:03 2025] GET static: contents/images/05_04-over.gif
[Tue Apr 29 16:05:03 2025] GET static: contents/images/05_06-over.gif
[Tue Apr 29 16:05:03 2025] GET static: contents/images/05_07-over.gif
[Tue Apr 29 16:05:03 2025] GET static: contents/images/05_08-over.gif
[Tue Apr 29 16:05:04 2025] GET static: contents/images/05_08.gif
[Tue Apr 29 16:05:04 2025] GET static: contents/home.htm
[Tue Apr 29 16:05:04 2025] GET static: contents/main.htm
[Tue Apr 29 16:05:04 2025] GET static: contents/images/05_06.gif
[Tue Apr 29 16:05:04 2025] GET static: contents/images/05_07.gif
[Tue Apr 29 16:05:04 2025] GET static: contents/images/05_08.gif
[Tue Apr 29 16:05:04 2025] GET static: contents/images/05_10.gif
[Tue Apr 29 16:05:04 2025] GET static: contents/images/05_01.gif
[Tue Apr 29 16:05:05 2025] GET static: contents/images/05_02.gif
[Tue Apr 29 16:05:05 2025] GET static: contents/images/05_03.gif
[Tue Apr 29 16:05:05 2025] GET static: contents/images/05_05.gif
[Tue Apr 29 16:05:05 2025] GET static: contents/images/05_09.gif
[Tue Apr 29 16:05:05 2025] GET static: contents/images/05_04.gif
[Tue Apr 29 16:05:05 2025] GET static: contents/bullet2.jpg
[Tue Apr 29 16:05:05 2025] GET static: contents/images/05_04.gif
[Tue Apr 29 16:05:05 2025] GET static: contents/bullet3.jpg
[Tue Apr 29 16:05:05 2025] GET static: contents/bullet1.jpg
[Tue Apr 29 16:05:05 2025] GET static: contents/images/bac_04.jpg
[Tue Apr 29 16:05:05 2025] GET static: contents/images/05_04-over.gif
[Tue Apr 29 16:05:05 2025] GET static: contents/images/05_06-over.gif
[Tue Apr 29 16:05:05 2025] GET static: contents/images/05_08-over.gif
[Tue Apr 29 16:05:05 2025] GET static: contents/images/05_07-over.gif
[Tue Apr 29 16:05:10 2025] GET static: contents/images/05_04.gif
[Tue Apr 29 16:11:57 2025] GET static: contents/home.htm
[Tue Apr 29 16:12:26 2025] GET static: contents/home.htm
[Tue Apr 29 16:13:06 2025] GET static: contents/home.htm
[Tue Apr 29 16:14:04 2025] GET static: contents/home.htm
[Tue Apr 29 16:14:06 2025] GET static: contents/home.htm
[Tue Apr 29 16:14:07 2025] GET static: contents/shop.html
[Tue Apr 29 16:14:17 2025] GET static: contents/contact.html
[Tue Apr 29 16:14:20 2025] GET static: contents/links.html
[Tue Apr 29 16:21:58 2025] GET static: contents/links.htm
[Tue Apr 29 16:21:58 2025] GET static: contents/images/05_01.gif
[Tue Apr 29 16:21:58 2025] GET static: contents/images/05_10.gif
[Tue Apr 29 16:21:58 2025] GET static: contents/ilinks.htm
[Tue Apr 29 16:21:58 2025] GET static: contents/images/05_08.gif
[Tue Apr 29 16:21:58 2025] GET static: contents/images/05_06.gif
[Tue Apr 29 16:21:58 2025] GET static: contents/images/05_07.gif
[Tue Apr 29 16:21:58 2025] GET static: contents/images/05_02.gif
[Tue Apr 29 16:21:59 2025] GET static: contents/images/05_09.gif
[Tue Apr 29 16:21:59 2025] GET static: contents/images/05_03.gif
[Tue Apr 29 16:21:59 2025] GET static: contents/images/05_04.gif
[Tue Apr 29 16:21:59 2025] GET static: contents/bullet1.jpg
[Tue Apr 29 16:21:59 2025] GET static: contents/images/05_05.gif
[Tue Apr 29 16:21:59 2025] GET static: contents/bullet3.jpg
[Tue Apr 29 16:21:59 2025] GET static: contents/bullet2.jpg
[Tue Apr 29 16:21:59 2025] GET static: contents/images/bac_04.jpg
[Tue Apr 29 16:21:59 2025] GET static: contents/images/05_04-over.gif
[Tue Apr 29 16:21:59 2025] GET static: contents/images/05_07-over.gif
[Tue Apr 29 16:21:59 2025] GET static: contents/images/05_06-over.gif
[Tue Apr 29 16:21:59 2025] GET static: contents/images/05_08-over.gif
[Tue Apr 29 16:30:30 2025] GET static: contents/links.html
[Tue Apr 29 16:30:31 2025] GET static: contents/css/style.css
[Tue Apr 29 16:30:33 2025] GET static: contents/index.html
[Tue Apr 29 16:30:34 2025] GET static: contents/css/style.css
[Tue Apr 29 16:30:36 2025] GET static: contents/index.html
[Tue Apr 29 16:30:36 2025] GET static: contents/css/style.css
[Tue Apr 29 16:30:37 2025] GET static: contents/shop.html
[Tue Apr 29 16:30:37 2025] GET static: contents/css/style.css
[Tue Apr 29 16:30:39 2025] GET static: contents/links.html
[Tue Apr 29 16:30:40 2025] GET static: contents/css/style.css
[Tue Apr 29 16:30:41 2025] GET static: contents/form.html
[Tue Apr 29 16:30:41 2025] GET static: contents/css/style.css
[Tue Apr 29 16:30:44 2025] GET static: contents/index.html
[Tue Apr 29 16:30:45 2025] GET static: contents/css/style.css
[Tue Apr 29 16:30:49 2025] GET static: contents/form.html
[Tue Apr 29 16:30:49 2025] GET static: contents/css/style.css
[Tue Apr 29 16:30:55 2025] GET CGI: /cgi-bin/POST.cgi
[Tue Apr 29 16:30:55 2025] GET CGI: /cgi-bin/POST.cgi
[Thu May 15 19:51:47 2025] GET static: contents/index.html
[Thu May 15 19:51:52 2025] GET CGI: /cgi-bin/GET.cgi
[Thu May 15 19:52:00 2025] GET static: contents/index.html
[Thu May 15 19:52:00 2025] GET static: contents/css/style.css
[Thu May 15 19:52:18 2025] GET static: contents/index.html
[Thu May 15 19:52:19 2025] GET static: contents/css/style.css
[Thu May 15 19:52:19 2025] GET static: contents/index.html
[Thu May 15 19:52:19 2025] GET static: contents/css/style.css
[Thu May 15 19:52:20 2025] GET static: contents/index.html
[Thu May 15 19:52:20 2025] GET static: contents/css/style.css
[Thu May 15 19:52:23 2025] GET static: contents/shop.html
[Thu May 15 19:52:23 2025] GET static: contents/css/style.css
[Thu May 15 19:52:25 2025] GET static: contents/contact.html
[Thu May 15 19:52:25 2025] GET static: contents/css/style.css
[Thu May 15 19:52:26 2025] GET static: contents/form.html
[Thu May 15 19:52:27 2025] GET static: contents/css/style.css
[Thu May 15 19:52:28 2025] GET static: contents/links.html
[Thu May 15 19:52:28 2025] GET static: contents/css/style.css
[Thu May 15 19:52:33 2025] GET static: contents/index.html
[Thu May 15 19:52:33 2025] GET static: contents/css/style.css
[Thu May 15 19:52:36 2025] GET static: contents/shop.html
[Thu May 15 19:52:36 2025] GET static: contents/css/style.css
[Thu May 15 19:52:37 2025] GET static: contents/contact.html
[Thu May 15 19:52:37 2025] GET static: contents/css/style.css
[Thu May 15 19:52:38 2025] GET static: contents/links.html
[Thu May 15 19:52:38 2025] GET static: contents/css/style.css
[Thu May 15 19:52:39 2025] GET static: contents/form.html
[Thu May 15 19:52:39 2025] GET static: contents/css/style.css
[Thu May 15 19:52:40 2025] GET static: contents/index.html
[Thu May 15 19:52:40 2025] GET static: contents/css/style.css
[Thu May 15 19:53:41 2025] GET static: contents/index.html
[Thu May 15 19:53:41 2025] GET static: contents/css/style.css
[Thu May 15 19:53:42 2025] GET static: contents/shop.html
[Thu May 15 19:53:42 2025] GET static: contents/css/style.css
[Thu May 15 19:53:44 2025] GET static: contents/contact.html
[Thu May 15 19:53:44 2025] GET static: contents/css/style.css
[Thu May 15 19:53:45 2025] GET static: contents/links.html
[Thu May 15 19:53:45 2025] GET static: contents/css/style.css
[Thu May 15 19:53:46 2025] GET static: contents/form.html
[Thu May 15 19:53:46 2025] GET static: contents/css/style.css
[Thu May 15 19:53:51 2025] GET static: contents/links.html
[Thu May 15 19:53:51 2025] GET static: contents/css/style.css
[Thu May 15 19:53:52 2025] GET static: contents/contact.html
[Thu May 15 19:53:52 2025] GET static: contents/css/style.css
[Thu May 15 19:53:58 2025] GET static: contents/index.html
[Thu May 15 19:53:59 2025] GET static: contents/css/style.css
[Thu May 15 20:04:42 2025] GET static: contents/index.html
[Thu May 15 20:04:42 2025] GET static: contents/css/style.css
[Thu May 15 20:04:43 2025] GET static: contents/shop.html
[Thu May 15 20:04:43 2025] GET static: contents/css/style.css
[Thu May 15 20:04:44 2025] GET static: contents/contact.html
[Thu May 15 20:04:44 2025] GET static: contents/css/style.css
[Thu May 15 20:04:45 2025] GET static: contents/links.html
[Thu May 15 20:04:45 2025] GET static: contents/css/style.css
[Thu May 15 20:04:46 2025] GET static: contents/form.html
[Thu May 15 20:04:46 2025] GET static: contents/css/style.css
